<?xml version="1.0" encoding="UTF-8"?>
<testsuite name="Tests" tests="2" skipped="0" failures="0" errors="0" timestamp="2021-11-03T12:38:02" hostname="LAPTOP-I426SVSL" time="0.036">
  <properties/>
  <testcase name="MakeMove in Board" classname="Tests" time="0.035"/>
  <testcase name="Initial position Board" classname="Tests" time="0.0"/>
  <system-out><![CDATA[]]></system-out>
  <system-err><![CDATA[]]></system-err>
</testsuite>
