<?xml version="1.0" encoding="UTF-8"?>
<testsuite name="KnightTest" tests="1" skipped="0" failures="0" errors="0" timestamp="2021-11-09T21:53:09" hostname="DESKTOP-PLRF1P4" time="0.027">
  <properties/>
  <testcase name="Moves some Pieces" classname="KnightTest" time="0.027"/>
  <system-out><![CDATA[]]></system-out>
  <system-err><![CDATA[]]></system-err>
</testsuite>
