<?xml version="1.0" encoding="UTF-8"?>
<testsuite name="RookTest" tests="1" skipped="0" failures="0" errors="0" timestamp="2021-11-09T18:05:56" hostname="ASUS-ROG-SCAR-3" time="0.03">
  <properties/>
  <testcase name="Moves some Pieces" classname="RookTest" time="0.03"/>
  <system-out><![CDATA[]]></system-out>
  <system-err><![CDATA[]]></system-err>
</testsuite>
