<?xml version="1.0" encoding="UTF-8"?>
<testsuite name="Tests" tests="2" skipped="0" failures="0" errors="0" timestamp="2021-10-26T20:26:38" hostname="ASUS-ROG-SCAR-3" time="0.012">
  <properties/>
  <testcase name="MakeMove in Board" classname="Tests" time="0.012"/>
  <testcase name="Initial position Board" classname="Tests" time="0.0"/>
  <system-out><![CDATA[]]></system-out>
  <system-err><![CDATA[]]></system-err>
</testsuite>
