<?xml version="1.0" encoding="UTF-8"?>
<testsuite name="PawnTest" tests="1" skipped="0" failures="0" errors="0" timestamp="2021-11-13T00:26:22" hostname="ASUS-ROG-SCAR-3" time="0.074">
  <properties/>
  <testcase name="Makes one step back with Pawn in Board" classname="PawnTest" time="0.074"/>
  <system-out><![CDATA[]]></system-out>
  <system-err><![CDATA[]]></system-err>
</testsuite>
