<?xml version="1.0" encoding="UTF-8"?>
<testsuite name="KingTest" tests="1" skipped="0" failures="0" errors="0" timestamp="2021-11-22T18:33:05" hostname="ASUS-ROG-SCAR-3" time="0.084">
  <properties/>
  <testcase name="Moves King" classname="KingTest" time="0.084"/>
  <system-out><![CDATA[]]></system-out>
  <system-err><![CDATA[]]></system-err>
</testsuite>
